<?xml version="1.0" encoding="UTF-8"?>
<testng-results ignored="0" total="1" passed="1" failed="0" skipped="0">
  <reporter-output>
  </reporter-output>
  <suite started-at="2022-02-17T10:17:37 IST" name="Default suite" finished-at="2022-02-17T10:17:48 IST" duration-ms="11340">
    <groups>
    </groups>
    <test started-at="2022-02-17T10:17:37 IST" name="Default test" finished-at="2022-02-17T10:17:48 IST" duration-ms="11340">
      <class name="com.palmera.testCases.TC_LoginTest_001">
        <test-method is-config="true" signature="setup()[pri:0, instance:com.palmera.testCases.TC_LoginTest_001@5656be13]" started-at="2022-02-17T10:17:37 IST" name="setup" finished-at="2022-02-17T10:17:48 IST" duration-ms="10914" status="PASS">
          <reporter-output>
          </reporter-output>
        </test-method> <!-- setup -->
        <test-method signature="loginTest()[pri:0, instance:com.palmera.testCases.TC_LoginTest_001@5656be13]" started-at="2022-02-17T10:17:48 IST" name="loginTest" finished-at="2022-02-17T10:17:48 IST" duration-ms="372" status="PASS">
          <reporter-output>
          </reporter-output>
        </test-method> <!-- loginTest -->
      </class> <!-- com.palmera.testCases.TC_LoginTest_001 -->
    </test> <!-- Default test -->
  </suite> <!-- Default suite -->
</testng-results>
